<?xml version="1.0" encoding="UTF-8"?>
<!-- Generated by org.testng.reporters.JUnitXMLReporter -->
<testsuite hostname="DESKTOP-K6D606K" name="Practice Tests" tests="27" failures="2" timestamp="6 Aug 2018 00:22:11 GMT" time="335.607" errors="0">
  <testcase name="CheckboxExampleTitle" time="0.079" classname="Project.PracticePageTestI"/>
  <testcase name="DropDownExampleTitle" time="0.108" classname="Project.PracticePageTestI"/>
  <testcase name="RadioButtonTitle" time="0.093" classname="Project.PracticePageTestI"/>
  <testcase name="RadioButtons" time="0.696" classname="Project.PracticePageTestI"/>
  <testcase name="SuggestionClassTitle" time="0.103" classname="Project.PracticePageTestI"/>
  <testcase name="TitleTextValidation" time="0.08" classname="Project.PracticePageTestI"/>
  <testcase name="getSuggestedCountry" time="0.755" classname="Project.PracticePageTestI">
    <failure type="java.lang.IndexOutOfBoundsException" message="Index: 3, Size: 3">
      <![CDATA[java.lang.IndexOutOfBoundsException: Index: 3, Size: 3
	at java.util.ArrayList.rangeCheck(Unknown Source)
	at java.util.ArrayList.get(Unknown Source)
	at Project.PracticePageTestI.getSuggestedCountry(PracticePageTest1.java:133)
... Removed 24 stack frames]]>
    </failure>
  </testcase> <!-- getSuggestedCountry -->
  <testcase name="selectCheckbox" time="0.18" classname="Project.PracticePageTestI"/>
  <testcase name="selectDropDownOptions" time="0.38" classname="Project.PracticePageTestI">
    <failure type="java.lang.IndexOutOfBoundsException" message="Index: 3, Size: 3">
      <![CDATA[java.lang.IndexOutOfBoundsException: Index: 3, Size: 3
	at java.util.ArrayList.rangeCheck(Unknown Source)
	at java.util.ArrayList.get(Unknown Source)
	at Project.PracticePageTestI.selectDropDownOptions(PracticePageTest1.java:164)
... Removed 24 stack frames]]>
    </failure>
  </testcase> <!-- selectDropDownOptions -->
  <testcase name="OpenNewTab" time="1.646" classname="Project.PracticePageTestII"/>
  <testcase name="OpenNewWindow" time="1.522" classname="Project.PracticePageTestII"/>
  <testcase name="accessAllLinks" time="16.948" classname="Project.PracticePageTestII"/>
  <testcase name="elementHide" time="0.22" classname="Project.PracticePageTestII"/>
  <testcase name="elementShow" time="0.304" classname="Project.PracticePageTestII"/>
  <testcase name="getAlert" time="0.349" classname="Project.PracticePageTestII"/>
  <testcase name="getConfirm" time="0.263" classname="Project.PracticePageTestII"/>
  <testcase name="getElementDisplayedTitle" time="0.105" classname="Project.PracticePageTestII"/>
  <testcase name="getSwitchAlertTitle" time="0.108" classname="Project.PracticePageTestII"/>
  <testcase name="getSwitchTabTitle" time="0.063" classname="Project.PracticePageTestII"/>
  <testcase name="getSwitchWindowTitle" time="0.081" classname="Project.PracticePageTestII"/>
  <testcase name="getTable" time="0.697" classname="Project.PracticePageTestII"/>
  <testcase name="getTableTitle" time="0.059" classname="Project.PracticePageTestII"/>
  <testcase name="iFrameOperation" time="0.216" classname="Project.PracticePageTestII"/>
  <testcase name="iFrameTitle" time="0.139" classname="Project.PracticePageTestII"/>
  <testcase name="mouseHoverTitle" time="0.218" classname="Project.PracticePageTestII"/>
  <testcase name="mouseHoverselectReload" time="2.027" classname="Project.PracticePageTestII"/>
  <testcase name="mouseHoverselectTop" time="0.36" classname="Project.PracticePageTestII"/>
</testsuite> <!-- Practice Tests -->
